[Mon Jan 19 16:44:22 UTC 2026][INFO] [Action] EE NewBook
[Mon Jan 19 16:44:38 UTC 2026][INFO] [Action] E AutoChapterGroupAction - 0
[Mon Jan 19 16:44:54 UTC 2026][INFO] [Action] E ItemChanged - -1,722
[Mon Jan 19 16:44:56 UTC 2026][INFO] [Action] E ItemChanged - -1,722
[Mon Jan 19 16:44:56 UTC 2026][INFO] [Action] E ItemChanged - -1,1
[Mon Jan 19 16:45:04 UTC 2026][INFO] [Action] E ItemChanged - -1,722
[Mon Jan 19 16:45:11 UTC 2026][INFO] [Action] E ItemChanged - -1,722
[Mon Jan 19 16:45:15 UTC 2026][INFO] [Action] U AutoChapterGroupAction
[Mon Jan 19 16:45:31 UTC 2026][INFO] [Action] E SaveBook - Save
[Mon Jan 19 16:45:50 UTC 2026][INFO] [Action] E ApplySemantics - (r,3,3),chapter_title
[Mon Jan 19 16:45:58 UTC 2026][INFO] [Action] E ItemChanged - -1,10340
[Mon Jan 19 16:46:01 UTC 2026][INFO] [Action] E ApplySemantics - (r,10340,10340),chapter_title
[Mon Jan 19 16:46:13 UTC 2026][INFO] [Action] E ItemChanged - -1,18917
[Mon Jan 19 16:46:41 UTC 2026][INFO] [Action] E ApplySemantics - (r,10360,10360),chapter_subtitle
[Mon Jan 19 16:46:50 UTC 2026][INFO] [Action] E ApplySemantics - (r,14537,14537),chapter_subtitle
[Mon Jan 19 16:47:04 UTC 2026][INFO] [Action] E ApplySemantics - (r,10360,10360),chapter_title
[Mon Jan 19 16:47:06 UTC 2026][INFO] [Action] E ItemChanged - -1,10340
[Mon Jan 19 16:47:07 UTC 2026][INFO] [Action] E ItemChanged - -1,10349
[Mon Jan 19 16:47:08 UTC 2026][INFO] [Action] E ItemChanged - -1,18918
[Mon Jan 19 16:47:10 UTC 2026][INFO] [Action] E ApplySemantics - (r,18918,18918),chapter_title
[Mon Jan 19 16:47:11 UTC 2026][INFO] [Action] E ItemChanged - -1,31378
[Mon Jan 19 16:47:12 UTC 2026][INFO] [Action] E ApplySemantics - (r,31378,31378),chapter_title
[Mon Jan 19 16:47:14 UTC 2026][INFO] [Action] E ItemChanged - -1,40583
[Mon Jan 19 16:47:16 UTC 2026][INFO] [Action] E ApplySemantics - (r,40583,40583),chapter_title
[Mon Jan 19 16:47:17 UTC 2026][INFO] [Action] E ItemChanged - -1,31378
[Mon Jan 19 16:47:18 UTC 2026][INFO] [Action] E ItemChanged - -1,50540
[Mon Jan 19 16:47:19 UTC 2026][INFO] [Action] E ApplySemantics - (r,50540,50540),chapter_title
[Mon Jan 19 16:47:20 UTC 2026][INFO] [Action] E ItemChanged - -1,58268
[Mon Jan 19 16:47:21 UTC 2026][INFO] [Action] E ApplySemantics - (r,58268,58268),chapter_title
[Mon Jan 19 16:47:22 UTC 2026][INFO] [Action] E ItemChanged - -1,66188
[Mon Jan 19 16:47:23 UTC 2026][INFO] [Action] E ApplySemantics - (r,66188,66188),chapter_title
[Mon Jan 19 16:47:24 UTC 2026][INFO] [Action] E ItemChanged - -1,70302
[Mon Jan 19 16:47:25 UTC 2026][INFO] [Action] E ApplySemantics - (r,70302,70302),chapter_title
[Mon Jan 19 16:47:26 UTC 2026][INFO] [Action] E ItemChanged - -1,79584
[Mon Jan 19 16:47:26 UTC 2026][INFO] [Action] E ItemChanged - -1,86735
[Mon Jan 19 16:47:27 UTC 2026][INFO] [Action] E ItemChanged - -1,91709
[Mon Jan 19 16:47:27 UTC 2026][INFO] [Action] E ItemChanged - -1,79584
[Mon Jan 19 16:47:32 UTC 2026][INFO] [Action] E ApplySemantics - (r,79584,79584),chapter_title
[Mon Jan 19 16:47:35 UTC 2026][INFO] [Action] E ItemChanged - -1,86735
[Mon Jan 19 16:47:36 UTC 2026][INFO] [Action] E ApplySemantics - (r,86735,86735),chapter_title
[Mon Jan 19 16:47:39 UTC 2026][INFO] [Action] E ItemChanged - -1,91709
[Mon Jan 19 16:47:41 UTC 2026][INFO] [Action] E ApplySemantics - (r,91709,91709),chapter_title
[Mon Jan 19 16:47:48 UTC 2026][INFO] [Action] E ItemChanged - -1,98876
[Mon Jan 19 16:47:49 UTC 2026][INFO] [Action] E ApplySemantics - (r,98876,98876),chapter_title
[Mon Jan 19 16:47:50 UTC 2026][INFO] [Action] E ItemChanged - -1,107264
[Mon Jan 19 16:47:54 UTC 2026][INFO] [Action] E ApplySemantics - (r,107264,107264),chapter_title
[Mon Jan 19 16:47:57 UTC 2026][INFO] [Action] E ItemChanged - -1,113950
[Mon Jan 19 16:47:58 UTC 2026][INFO] [Action] E ApplySemantics - (r,113950,113950),chapter_title
[Mon Jan 19 16:48:00 UTC 2026][INFO] [Action] E ItemChanged - -1,125216
[Mon Jan 19 16:48:01 UTC 2026][INFO] [Action] E ApplySemantics - (r,125216,125216),chapter_title
[Mon Jan 19 16:48:02 UTC 2026][INFO] [Action] E ItemChanged - -1,131390
[Mon Jan 19 16:48:03 UTC 2026][INFO] [Action] E ApplySemantics - (r,131390,131390),chapter_title
[Mon Jan 19 16:48:04 UTC 2026][INFO] [Action] E ItemChanged - -1,136424
[Mon Jan 19 16:48:05 UTC 2026][INFO] [Action] E ApplySemantics - (r,136424,136424),chapter_title
[Mon Jan 19 16:48:05 UTC 2026][INFO] [Action] E ItemChanged - -1,143365
[Mon Jan 19 16:48:06 UTC 2026][INFO] [Action] E ApplySemantics - (r,143365,143365),chapter_title
[Mon Jan 19 16:48:07 UTC 2026][INFO] [Action] E ItemChanged - -1,150060
[Mon Jan 19 16:48:08 UTC 2026][INFO] [Action] E ApplySemantics - (r,150060,150060),chapter_title
[Mon Jan 19 16:48:10 UTC 2026][INFO] [Action] E ItemChanged - -1,164477
[Mon Jan 19 16:48:11 UTC 2026][INFO] [Action] E ApplySemantics - (r,164477,164477),chapter_title
[Mon Jan 19 16:48:15 UTC 2026][INFO] [Action] E ApplySemantics - (r,164504,164510),chapter_title
[Mon Jan 19 16:48:16 UTC 2026][INFO] [Action] E ItemChanged - -1,164477
[Mon Jan 19 16:48:17 UTC 2026][INFO] [Action] E ItemChanged - -1,164505
[Mon Jan 19 16:48:18 UTC 2026][INFO] [Action] E ItemChanged - -1,178620
[Mon Jan 19 16:48:19 UTC 2026][INFO] [Action] E ApplySemantics - (r,178620,178620),chapter_title
[Mon Jan 19 16:48:20 UTC 2026][INFO] [Action] E ItemChanged - -1,192900
[Mon Jan 19 16:48:21 UTC 2026][INFO] [Action] E ApplySemantics - (r,192900,192900),chapter_title
[Mon Jan 19 16:48:26 UTC 2026][INFO] [Action] E ApplySemantics - (r,192950,192950),first_para
[Mon Jan 19 16:48:28 UTC 2026][INFO] [Action] U ApplySemantics
[Mon Jan 19 16:48:30 UTC 2026][INFO] [Action] E ItemChanged - -1,211633
[Mon Jan 19 16:48:32 UTC 2026][INFO] [Action] E ApplySemantics - (r,211633,211633),chapter_title
[Mon Jan 19 16:48:33 UTC 2026][INFO] [Action] E ItemChanged - -1,227618
[Mon Jan 19 16:48:34 UTC 2026][INFO] [Action] E ApplySemantics - (r,227618,227618),chapter_title
[Mon Jan 19 16:48:36 UTC 2026][INFO] [Action] E ItemChanged - -1,232799
[Mon Jan 19 16:48:37 UTC 2026][INFO] [Action] E ApplySemantics - (r,232799,232799),chapter_title
[Mon Jan 19 16:48:41 UTC 2026][INFO] [Action] E ItemChanged - -1,237505
[Mon Jan 19 16:48:43 UTC 2026][INFO] [Action] E ApplySemantics - (r,237505,237505),chapter_title
[Mon Jan 19 16:48:44 UTC 2026][INFO] [Action] E ItemChanged - -1,246033
[Mon Jan 19 16:48:46 UTC 2026][INFO] [Action] E ApplySemantics - (r,246033,246033),chapter_title
[Mon Jan 19 16:48:48 UTC 2026][INFO] [Action] E ItemChanged - -1,257546
[Mon Jan 19 16:48:49 UTC 2026][INFO] [Action] E ApplySemantics - (r,257546,257546),chapter_title
[Mon Jan 19 16:49:03 UTC 2026][INFO] [Action] E ItemChanged - -1,265279
[Mon Jan 19 16:49:05 UTC 2026][INFO] [Action] E ApplySemantics - (r,265279,265279),chapter_title
[Mon Jan 19 16:49:07 UTC 2026][INFO] [Action] E ItemChanged - -1,270530
[Mon Jan 19 16:49:08 UTC 2026][INFO] [Action] E ApplySemantics - (r,270530,270530),chapter_title
[Mon Jan 19 16:49:11 UTC 2026][INFO] [Action] E ItemChanged - -1,277556
[Mon Jan 19 16:49:12 UTC 2026][INFO] [Action] E ApplySemantics - (r,277556,277556),chapter_title
[Mon Jan 19 16:49:13 UTC 2026][INFO] [Action] E ItemChanged - -1,283522
[Mon Jan 19 16:49:15 UTC 2026][INFO] [Action] E ApplySemantics - (r,283522,283522),chapter_title
[Mon Jan 19 16:49:17 UTC 2026][INFO] [Action] E ItemChanged - -1,298819
[Mon Jan 19 16:49:24 UTC 2026][INFO] [Action] E DeleteContent - (r,298829,298829),F
[Mon Jan 19 16:49:24 UTC 2026][INFO] [Action] E DeleteContent - (r,298829,298829),F
[Mon Jan 19 16:49:27 UTC 2026][INFO] [Action] E ApplySemantics - (r,298828,298828),chapter_title
[Mon Jan 19 16:49:29 UTC 2026][INFO] [Action] E ItemChanged - -1,315136
[Mon Jan 19 16:49:32 UTC 2026][INFO] [Action] E InsertTextContent - (r,315145,315147),[5]
[Mon Jan 19 16:49:35 UTC 2026][INFO] [Action] E ApplySemantics - (r,315145,315145),chapter_title
[Mon Jan 19 16:49:38 UTC 2026][INFO] [Action] E ItemChanged - -1,325483
[Mon Jan 19 16:49:39 UTC 2026][INFO] [Action] E ApplySemantics - (r,325483,325483),chapter_title
[Mon Jan 19 16:49:44 UTC 2026][INFO] [Action] E ItemChanged - -1,331627
[Mon Jan 19 16:49:45 UTC 2026][INFO] [Action] E ApplySemantics - (r,331627,331627),chapter_title
[Mon Jan 19 16:49:47 UTC 2026][INFO] [Action] E ApplySemantics - (r,331658,331658),chapter_title
[Mon Jan 19 16:49:51 UTC 2026][INFO] [Action] E ItemChanged - -1,349117
[Mon Jan 19 16:49:53 UTC 2026][INFO] [Action] E ApplySemantics - (r,349117,349117),chapter_title
[Mon Jan 19 16:49:56 UTC 2026][INFO] [Action] E ItemChanged - -1,365913
[Mon Jan 19 16:49:57 UTC 2026][INFO] [Action] E ItemChanged - -1,407303
[Mon Jan 19 16:49:57 UTC 2026][INFO] [Action] E ItemChanged - -1,365913
[Mon Jan 19 16:49:58 UTC 2026][INFO] [Action] E ItemChanged - -1,371070
[Mon Jan 19 16:49:58 UTC 2026][INFO] [Action] E ItemChanged - -1,365913
[Mon Jan 19 16:49:59 UTC 2026][INFO] [Action] E ItemChanged - -1,365913
[Mon Jan 19 16:50:10 UTC 2026][INFO] [Action] E ItemChanged - -1,365913
[Mon Jan 19 16:50:12 UTC 2026][INFO] [Action] E ApplySemantics - (r,365913,365913),chapter_title
[Mon Jan 19 16:50:17 UTC 2026][INFO] [Action] E ItemChanged - -1,647760
[Mon Jan 19 16:50:19 UTC 2026][INFO] [Action] E ApplySemantics - (r,647760,647760),chapter_title
[Mon Jan 19 16:50:23 UTC 2026][INFO] [Action] E ApplySemantics - (r,647804,647804),subheading
[Mon Jan 19 16:50:26 UTC 2026][INFO] [Action] E ApplySemantics - (r,648123,648129),subheading
[Mon Jan 19 16:50:35 UTC 2026][INFO] [Action] E ApplySemantics - (r,648542,648542),subheading
[Mon Jan 19 16:50:38 UTC 2026][INFO] [Action] E ApplySemantics - (r,649209,649209),subheading
[Mon Jan 19 16:50:40 UTC 2026][INFO] [Action] E ApplySemantics - (r,649762,649762),subheading
[Mon Jan 19 16:50:43 UTC 2026][INFO] [Action] E ApplySemantics - (r,651008,651008),subheading
[Mon Jan 19 16:50:46 UTC 2026][INFO] [Action] E ApplySemantics - (r,653140,653140),subheading
[Mon Jan 19 16:50:52 UTC 2026][INFO] [Action] E ApplySemantics - (r,653904,653904),subheading
[Mon Jan 19 16:50:55 UTC 2026][INFO] [Action] E ApplySemantics - (r,653915,653919),subheading
[Mon Jan 19 16:51:01 UTC 2026][INFO] [Action] U ApplySemantics
[Mon Jan 19 16:51:06 UTC 2026][INFO] [Action] E ApplySemantics - (r,655081,655081),subheading
[Mon Jan 19 16:51:10 UTC 2026][INFO] [Action] E ApplySemantics - (r,656193,656194),subheading
[Mon Jan 19 16:51:12 UTC 2026][INFO] [Action] E ApplySemantics - (r,656867,656867),subheading
[Mon Jan 19 16:51:16 UTC 2026][INFO] [Action] E ItemChanged - -1,633770
[Mon Jan 19 16:51:20 UTC 2026][INFO] [Action] E ApplySemantics - (r,633770,633770),chapter_title
[Mon Jan 19 16:51:22 UTC 2026][INFO] [Action] E ItemChanged - -1,629381
[Mon Jan 19 16:51:24 UTC 2026][INFO] [Action] E ApplySemantics - (r,629381,629381),chapter_title
[Mon Jan 19 16:51:26 UTC 2026][INFO] [Action] E ItemChanged - -1,624412
[Mon Jan 19 16:51:27 UTC 2026][INFO] [Action] E ApplySemantics - (r,624412,624412),chapter_title
[Mon Jan 19 16:51:29 UTC 2026][INFO] [Action] E ItemChanged - -1,612225
[Mon Jan 19 16:51:30 UTC 2026][INFO] [Action] E ApplySemantics - (r,612225,612225),chapter_title
[Mon Jan 19 16:51:34 UTC 2026][INFO] [Action] E SaveBook - Save
[Mon Jan 19 16:51:39 UTC 2026][INFO] [Action] E ItemChanged - -1,603860
[Mon Jan 19 16:51:41 UTC 2026][INFO] [Action] E ApplySemantics - (r,603860,603860),chapter_title
[Mon Jan 19 16:51:44 UTC 2026][INFO] [Action] E SaveBook - Save
[Mon Jan 19 16:51:46 UTC 2026][INFO] [Action] E ItemChanged - -1,587293
[Mon Jan 19 16:51:47 UTC 2026][INFO] [Action] E ApplySemantics - (r,587293,587293),chapter_title
[Mon Jan 19 16:51:48 UTC 2026][INFO] [Action] E ItemChanged - -1,576206
[Mon Jan 19 16:51:50 UTC 2026][INFO] [Action] E ApplySemantics - (r,576206,576206),chapter_title
[Mon Jan 19 16:51:51 UTC 2026][INFO] [Action] E ItemChanged - -1,555714
[Mon Jan 19 16:51:52 UTC 2026][INFO] [Action] E ApplySemantics - (r,555714,555714),chapter_title
[Mon Jan 19 16:51:53 UTC 2026][INFO] [Action] E ItemChanged - -1,543470
[Mon Jan 19 16:51:54 UTC 2026][INFO] [Action] E ApplySemantics - (r,543470,543470),chapter_title
[Mon Jan 19 16:51:55 UTC 2026][INFO] [Action] E ItemChanged - -1,532303
[Mon Jan 19 16:51:56 UTC 2026][INFO] [Action] E ApplySemantics - (r,532303,532303),chapter_title
[Mon Jan 19 16:51:57 UTC 2026][INFO] [Action] E ItemChanged - -1,521381
[Mon Jan 19 16:51:58 UTC 2026][INFO] [Action] E ApplySemantics - (r,521381,521381),chapter_title
[Mon Jan 19 16:51:59 UTC 2026][INFO] [Action] E ItemChanged - -1,508652
[Mon Jan 19 16:52:00 UTC 2026][INFO] [Action] E ApplySemantics - (r,508652,508652),chapter_title
[Mon Jan 19 16:52:01 UTC 2026][INFO] [Action] E ItemChanged - -1,498622
[Mon Jan 19 16:52:03 UTC 2026][INFO] [Action] E ApplySemantics - (r,498622,498622),chapter_title
[Mon Jan 19 16:52:04 UTC 2026][INFO] [Action] E ItemChanged - -1,484870
[Mon Jan 19 16:52:05 UTC 2026][INFO] [Action] E ApplySemantics - (r,484870,484870),chapter_title
[Mon Jan 19 16:52:06 UTC 2026][INFO] [Action] E ItemChanged - -1,478454
[Mon Jan 19 16:52:07 UTC 2026][INFO] [Action] E ApplySemantics - (r,478454,478454),chapter_title
[Mon Jan 19 16:52:09 UTC 2026][INFO] [Action] E ItemChanged - -1,464514
[Mon Jan 19 16:52:10 UTC 2026][INFO] [Action] E ApplySemantics - (r,464514,464514),chapter_title
[Mon Jan 19 16:52:11 UTC 2026][INFO] [Action] E ItemChanged - -1,456022
[Mon Jan 19 16:52:12 UTC 2026][INFO] [Action] E ApplySemantics - (r,456022,456022),chapter_title
[Mon Jan 19 16:52:14 UTC 2026][INFO] [Action] E ApplySemantics - (r,456067,456067),chapter_title
[Mon Jan 19 16:52:17 UTC 2026][INFO] [Action] E ItemChanged - -1,445301
[Mon Jan 19 16:52:19 UTC 2026][INFO] [Action] E ApplySemantics - (r,445301,445301),chapter_title
[Mon Jan 19 16:52:20 UTC 2026][INFO] [Action] E ItemChanged - -1,430990
[Mon Jan 19 16:52:21 UTC 2026][INFO] [Action] E ApplySemantics - (r,430990,430990),chapter_title
[Mon Jan 19 16:52:22 UTC 2026][INFO] [Action] E ItemChanged - -1,424160
[Mon Jan 19 16:52:23 UTC 2026][INFO] [Action] E ApplySemantics - (r,424160,424160),chapter_title
[Mon Jan 19 16:52:23 UTC 2026][INFO] [Action] E ItemChanged - -1,414984
[Mon Jan 19 16:52:24 UTC 2026][INFO] [Action] E ApplySemantics - (r,414984,414984),chapter_title
[Mon Jan 19 16:52:25 UTC 2026][INFO] [Action] E ItemChanged - -1,407303
[Mon Jan 19 16:52:26 UTC 2026][INFO] [Action] E ApplySemantics - (r,407303,407303),chapter_title
[Mon Jan 19 16:52:27 UTC 2026][INFO] [Action] E ItemChanged - -1,401537
[Mon Jan 19 16:52:29 UTC 2026][INFO] [Action] E ApplySemantics - (r,401537,401537),chapter_title
[Mon Jan 19 16:52:30 UTC 2026][INFO] [Action] E ItemChanged - -1,398465
[Mon Jan 19 16:52:31 UTC 2026][INFO] [Action] E ApplySemantics - (r,398465,398465),chapter_title
[Mon Jan 19 16:52:32 UTC 2026][INFO] [Action] E ItemChanged - -1,388439
[Mon Jan 19 16:52:33 UTC 2026][INFO] [Action] E ApplySemantics - (r,388439,388439),chapter_title
[Mon Jan 19 16:52:34 UTC 2026][INFO] [Action] E ItemChanged - -1,381694
[Mon Jan 19 16:52:35 UTC 2026][INFO] [Action] E ApplySemantics - (r,381694,381694),chapter_title
[Mon Jan 19 16:52:36 UTC 2026][INFO] [Action] E ItemChanged - -1,376138
[Mon Jan 19 16:52:38 UTC 2026][INFO] [Action] E ApplySemantics - (r,376138,376138),chapter_title
[Mon Jan 19 16:52:40 UTC 2026][INFO] [Action] E ItemChanged - -1,371070
[Mon Jan 19 16:52:41 UTC 2026][INFO] [Action] E ApplySemantics - (r,371070,371070),chapter_title
[Mon Jan 19 16:52:48 UTC 2026][INFO] [Action] E SaveBook - Save
[Mon Jan 19 16:52:54 UTC 2026][INFO] [Action] E SaveBook - SaveforExport
[Tue Jan 20 13:18:29 UTC 2026][INFO] [Action] EE ExportAction
[Tue Jan 20 13:18:31 UTC 2026][INFO] [Action] E SaveBook - Save
[Tue Jan 20 13:18:32 UTC 2026][INFO] Logger Terminated
[Tue Jan 20 13:19:19 UTC 2026][INFO] [Action] EE OpenBook
[Tue Jan 20 13:20:02 UTC 2026][INFO] Logger Terminated
[Wed Jan 21 09:49:27 UTC 2026][INFO] [Action] EE OpenBook - The_Resonant_EN_KC.kcb
[Wed Jan 21 09:49:31 UTC 2026][INFO] Logger Terminated
