[Wed Jan 21 10:06:57 UTC 2026][INFO] [Action] EE NewBook
[Wed Jan 21 10:07:15 UTC 2026][INFO] [Action] E AutoChapterGroupAction - 0
[Wed Jan 21 10:07:18 UTC 2026][INFO] [Action] E RevertApplyAutoChapterAction - (r,768,768)
[Wed Jan 21 10:07:20 UTC 2026][INFO] [Action] E RevertApplyAutoChapterAction - (r,795,795)
[Wed Jan 21 10:07:22 UTC 2026][INFO] [Action] E RevertApplyAutoChapterAction - (r,1836,1836)
[Wed Jan 21 10:07:22 UTC 2026][INFO] [Action] E RevertApplyAutoChapterAction - (r,2391,2391)
[Wed Jan 21 10:07:23 UTC 2026][INFO] [Action] E RevertApplyAutoChapterAction - (r,6898,6898)
[Wed Jan 21 10:07:24 UTC 2026][INFO] [Action] E RevertApplyAutoChapterAction - (r,7835,7835)
[Wed Jan 21 10:07:25 UTC 2026][INFO] [Action] E RevertApplyAutoChapterAction - (r,8364,8364)
[Wed Jan 21 10:07:26 UTC 2026][INFO] [Action] E RevertApplyAutoChapterAction - (r,9861,9861)
[Wed Jan 21 10:07:33 UTC 2026][INFO] [Action] E RevertApplyAutoChapterAction - (r,629670,629670)
[Wed Jan 21 10:07:36 UTC 2026][INFO] [Action] E RevertApplyAutoChapterAction - (r,633181,633181)
[Wed Jan 21 10:07:36 UTC 2026][INFO] [Action] E RevertApplyAutoChapterAction - (r,633836,633836)
[Wed Jan 21 10:07:46 UTC 2026][INFO] [Action] E RevertApplyAutoChapterAction - (r,647937,647937)
[Wed Jan 21 10:07:47 UTC 2026][INFO] [Action] E RevertApplyAutoChapterAction - (r,648252,648252)
[Wed Jan 21 10:07:47 UTC 2026][INFO] [Action] E RevertApplyAutoChapterAction - (r,648677,648677)
[Wed Jan 21 10:07:48 UTC 2026][INFO] [Action] E RevertApplyAutoChapterAction - (r,649889,649889)
[Wed Jan 21 10:07:49 UTC 2026][INFO] [Action] E RevertApplyAutoChapterAction - (r,650528,650528)
[Wed Jan 21 10:07:50 UTC 2026][INFO] [Action] E RevertApplyAutoChapterAction - (r,651139,651139)
[Wed Jan 21 10:07:50 UTC 2026][INFO] [Action] E RevertApplyAutoChapterAction - (r,651819,651819)
[Wed Jan 21 10:07:52 UTC 2026][INFO] [Action] E RevertApplyAutoChapterAction - (r,653271,653271)
[Wed Jan 21 10:07:52 UTC 2026][INFO] [Action] E RevertApplyAutoChapterAction - (r,652599,652599)
[Wed Jan 21 10:07:54 UTC 2026][INFO] [Action] E RevertApplyAutoChapterAction - (r,654043,654043)
[Wed Jan 21 10:07:55 UTC 2026][INFO] [Action] E RevertApplyAutoChapterAction - (r,654064,654064)
[Wed Jan 21 10:07:55 UTC 2026][INFO] [Action] E RevertApplyAutoChapterAction - (r,654450,654450)
[Wed Jan 21 10:07:56 UTC 2026][INFO] [Action] E RevertApplyAutoChapterAction - (r,654776,654776)
[Wed Jan 21 10:07:56 UTC 2026][INFO] [Action] E RevertApplyAutoChapterAction - (r,655227,655227)
[Wed Jan 21 10:07:57 UTC 2026][INFO] [Action] E RevertApplyAutoChapterAction - (r,655244,655244)
[Wed Jan 21 10:07:58 UTC 2026][INFO] [Action] E RevertApplyAutoChapterAction - (r,655590,655590)
[Wed Jan 21 10:07:59 UTC 2026][INFO] [Action] E RevertApplyAutoChapterAction - (r,655954,655954)
[Wed Jan 21 10:07:59 UTC 2026][INFO] [Action] E RevertApplyAutoChapterAction - (r,656332,656332)
[Wed Jan 21 10:08:38 UTC 2026][INFO] [Action] E UpdateStyle - (r,1,12),11:Bookerly,serif:4,(r,1,12),F
[Wed Jan 21 10:08:46 UTC 2026][INFO] [Action] E UpdateStyle - (r,1,12),16:48.000000:2,(r,1,12),F
[Wed Jan 21 10:08:50 UTC 2026][INFO] [Action] E UpdateStyle - (r,1,12),16:24.000000:2,(r,1,12),F
[Wed Jan 21 10:08:59 UTC 2026][INFO] [Action] E UpdateStyle - (r,13,45),16:10.000000:2,(r,13,45),F
[Wed Jan 21 10:09:11 UTC 2026][INFO] [Action] E PreviewBook - 6272
[Wed Jan 21 10:09:46 UTC 2026][INFO] [Action] E SaveBook - Save
[Wed Jan 21 10:10:07 UTC 2026][INFO] [Action] E SaveBook - SaveforExport
[Wed Jan 21 10:10:46 UTC 2026][INFO] [Action] EE ExportAction
[Wed Jan 21 10:10:50 UTC 2026][INFO] [Action] E SaveBook - SaveforExport
[Wed Jan 21 10:12:10 UTC 2026][INFO] [Action] EE ExportAction
[Wed Jan 21 10:12:10 UTC 2026][INFO] [Action] E PreviewBook - 6272
[Wed Jan 21 10:13:06 UTC 2026][INFO] [Action] E ItemChanged - -1,1253
[Wed Jan 21 10:13:12 UTC 2026][INFO] [Action] E ApplySemantics - (r,1253,1253),subheading
[Wed Jan 21 10:13:18 UTC 2026][INFO] [Action] E ApplySemantics - (r,781,781),subheading
[Wed Jan 21 10:13:23 UTC 2026][INFO] [Action] E ApplySemantics - (r,822,822),subheading
[Wed Jan 21 10:13:28 UTC 2026][INFO] [Action] E DeleteContent - (r,778,793),F
[Wed Jan 21 10:13:31 UTC 2026][INFO] [Action] E ItemChanged - -1,1237
[Wed Jan 21 10:13:34 UTC 2026][INFO] [Action] E ApplySemantics - (r,1237,1237),subheading
[Wed Jan 21 10:13:34 UTC 2026][INFO] [Action] EFail ApplySemantics - 4
[Wed Jan 21 10:13:34 UTC 2026][INFO] [Action] E ItemChanged - -1,10371
[Wed Jan 21 10:13:35 UTC 2026][INFO] [Action] E ItemChanged - -1,1237
[Wed Jan 21 10:13:40 UTC 2026][INFO] [Action] E ApplySemantics - (r,1819,1819),subheading
[Wed Jan 21 10:13:52 UTC 2026][INFO] [Action] E ApplySemantics - (r,2374,2411),subheading
[Wed Jan 21 10:14:02 UTC 2026][INFO] [Action] E ApplySemantics - (r,6881,6881),subheading
[Wed Jan 21 10:14:06 UTC 2026][INFO] [Action] E ApplySemantics - (r,7818,7834),subheading
[Wed Jan 21 10:14:09 UTC 2026][INFO] [Action] E ApplySemantics - (r,8347,8347),subheading
[Wed Jan 21 10:14:14 UTC 2026][INFO] [Action] E MergeContainer - 7816,0
[Wed Jan 21 10:14:15 UTC 2026][INFO] [Action] EFail MergeContainer - 5
[Wed Jan 21 10:14:19 UTC 2026][INFO] [Action] E ApplySemantics - (r,9844,9844),subheading
[Wed Jan 21 10:14:25 UTC 2026][INFO] [Action] E ApplySemantics - (r,10394,10396),chapter_title
[Wed Jan 21 10:14:27 UTC 2026][INFO] [Action] E ItemChanged - -1,10371
[Wed Jan 21 10:14:28 UTC 2026][INFO] [Action] E ItemChanged - -1,1237
[Wed Jan 21 10:14:29 UTC 2026][INFO] [Action] E ItemChanged - -1,1237
[Wed Jan 21 10:14:36 UTC 2026][INFO] [Action] E ItemChanged - -1,47
[Wed Jan 21 10:14:37 UTC 2026][INFO] [Action] E ItemChanged - -1,47
[Wed Jan 21 10:14:40 UTC 2026][INFO] [Action] E ConvertGenericPageAction - 5,1
[Wed Jan 21 10:14:42 UTC 2026][INFO] [Action] E ItemChanged - -1,1191
[Wed Jan 21 10:14:43 UTC 2026][INFO] [Action] E ItemChanged - -1,1237
[Wed Jan 21 10:14:46 UTC 2026][INFO] [Action] E SaveBook - Save
[Wed Jan 21 10:14:47 UTC 2026][INFO] [Action] E ItemChanged - -1,1237
[Wed Jan 21 10:14:48 UTC 2026][INFO] [Action] E ItemChanged - -1,1191
[Wed Jan 21 10:14:49 UTC 2026][INFO] [Action] E ItemChanged - -1,1237
[Wed Jan 21 10:14:58 UTC 2026][INFO] [Action] E ItemChanged - -1,10371
[Wed Jan 21 10:15:02 UTC 2026][INFO] [Action] E ItemChanged - -1,633821
[Wed Jan 21 10:15:04 UTC 2026][INFO] [Action] E ApplySemantics - (r,633821,633821),chapter_title
[Wed Jan 21 10:15:07 UTC 2026][INFO] [Action] E ItemChanged - -1,629432
[Wed Jan 21 10:15:10 UTC 2026][INFO] [Action] E ItemChanged - -1,629432
[Wed Jan 21 10:15:16 UTC 2026][INFO] [Action] E ConvertGenericPageAction - 11,76
[Wed Jan 21 10:15:21 UTC 2026][INFO] [Action] E ItemChanged - -1,629432
[Wed Jan 21 10:15:21 UTC 2026][INFO] [Action] E ItemChanged - -1,629432
[Wed Jan 21 10:15:27 UTC 2026][INFO] [Action] E ConvertGenericPageAction - 11,76
[Wed Jan 21 10:15:28 UTC 2026][INFO] [Action] E ItemChanged - -1,629432
[Wed Jan 21 10:15:29 UTC 2026][INFO] [Action] E ItemChanged - -1,629432
[Wed Jan 21 10:15:32 UTC 2026][INFO] [Action] E ConvertGenericPageAction - 11,76
[Wed Jan 21 10:15:41 UTC 2026][INFO] [Action] E ItemChanged - -1,456067
[Wed Jan 21 10:15:43 UTC 2026][INFO] [Action] E ItemChanged - -1,331672
[Wed Jan 21 10:15:55 UTC 2026][INFO] [Action] E ItemChanged - -1,1237
[Wed Jan 21 10:15:56 UTC 2026][INFO] [Action] E ItemChanged - -1,1237
[Wed Jan 21 10:16:02 UTC 2026][INFO] [Action] E ItemChanged - -1,1
[Wed Jan 21 10:16:03 UTC 2026][INFO] [Action] E ItemChanged - -1,1
[Wed Jan 21 10:16:06 UTC 2026][INFO] [Action] E ConvertGenericPageAction - 7,0
[Wed Jan 21 10:16:11 UTC 2026][INFO] [Action] E ItemChanged - -1,1237
[Wed Jan 21 10:16:14 UTC 2026][INFO] [Action] E SaveBook - Save
[Wed Jan 21 10:16:24 UTC 2026][INFO] [Action] E ItemChanged - -1,1237
[Wed Jan 21 10:16:28 UTC 2026][INFO] [Action] E ItemChanged - -1,1191
[Wed Jan 21 10:17:06 UTC 2026][INFO] [Action] E AutoChapterGroupAction - 0
[Wed Jan 21 10:17:09 UTC 2026][INFO] [Action] E RevertApplyAutoChapterAction - (r,1237,1237)
[Wed Jan 21 10:17:12 UTC 2026][INFO] [Action] E RevertApplyAutoChapterAction - (r,1820,1820)
[Wed Jan 21 10:17:16 UTC 2026][INFO] [Action] E RevertApplyAutoChapterAction - (r,2375,2375)
[Wed Jan 21 10:17:16 UTC 2026][INFO] [Action] E RevertApplyAutoChapterAction - (r,6882,6882)
[Wed Jan 21 10:17:17 UTC 2026][INFO] [Action] E RevertApplyAutoChapterAction - (r,7819,7819)
[Wed Jan 21 10:17:17 UTC 2026][INFO] [Action] E RevertApplyAutoChapterAction - (r,8348,8348)
[Wed Jan 21 10:17:18 UTC 2026][INFO] [Action] E RevertApplyAutoChapterAction - (r,9845,9845)
[Wed Jan 21 10:17:26 UTC 2026][INFO] [Action] E ItemChanged - -1,1237
[Wed Jan 21 10:17:30 UTC 2026][INFO] [Action] E ItemChanged - -1,10371
[Wed Jan 21 10:17:31 UTC 2026][INFO] [Action] E ItemChanged - -1,10380
[Wed Jan 21 10:17:32 UTC 2026][INFO] [Action] E ItemChanged - -1,14553
[Wed Jan 21 10:17:33 UTC 2026][INFO] [Action] E ItemChanged - -1,18950
[Wed Jan 21 10:17:36 UTC 2026][INFO] [Action] E ApplySemantics - (r,18950,18950),chapter_title
[Wed Jan 21 10:17:36 UTC 2026][INFO] [Action] EFail ApplySemantics - 4
[Wed Jan 21 10:17:37 UTC 2026][INFO] [Action] E ApplySemantics - (r,18950,18950),chapter_title
[Wed Jan 21 10:17:37 UTC 2026][INFO] [Action] EFail ApplySemantics - 4
[Wed Jan 21 10:17:37 UTC 2026][INFO] [Action] E ApplySemantics - (r,18950,18950),chapter_title
[Wed Jan 21 10:17:37 UTC 2026][INFO] [Action] EFail ApplySemantics - 4
[Wed Jan 21 10:17:38 UTC 2026][INFO] [Action] E ItemChanged - -1,10380
[Wed Jan 21 10:17:43 UTC 2026][INFO] [Action] E ApplySemantics - (r,10380,10380),chapter_title
[Wed Jan 21 10:17:43 UTC 2026][INFO] [Action] EFail ApplySemantics - 4
[Wed Jan 21 10:17:49 UTC 2026][INFO] [Action] E ItemChanged - -1,18950
[Wed Jan 21 10:19:13 UTC 2026][INFO] [Action] E ApplySemantics - (r,18984,19436),block_quote
[Wed Jan 21 10:19:27 UTC 2026][INFO] [Action] EE ClearFormatting - (c,18984,1)
[Wed Jan 21 13:59:50 UTC 2026][INFO] [Action] E SaveBook - Save
[Wed Jan 21 13:59:50 UTC 2026][INFO] Logger Terminated
[Wed Jan 21 13:59:54 UTC 2026][INFO] [Action] EE OpenBook - The_Resonant_EN_KC1.kcb
[Wed Jan 21 13:59:58 UTC 2026][INFO] Logger Terminated
