[Wed Jan 21 14:00:32 UTC 2026][INFO] [Action] EE NewBook
[Wed Jan 21 14:00:41 UTC 2026][INFO] [Action] E AutoChapterGroupAction - 0
[Wed Jan 21 14:00:45 UTC 2026][INFO] [Action] E RevertApplyAutoChapterAction - (r,767,767)
[Wed Jan 21 14:00:46 UTC 2026][INFO] [Action] E RevertApplyAutoChapterAction - (r,778,778)
[Wed Jan 21 14:00:46 UTC 2026][INFO] [Action] E RevertApplyAutoChapterAction - (r,1236,1236)
[Wed Jan 21 14:00:47 UTC 2026][INFO] [Action] E RevertApplyAutoChapterAction - (r,1818,1818)
[Wed Jan 21 14:00:48 UTC 2026][INFO] [Action] E RevertApplyAutoChapterAction - (r,2372,2372)
[Wed Jan 21 14:00:50 UTC 2026][INFO] [Action] E RevertApplyAutoChapterAction - (r,3060,3060)
[Wed Jan 21 14:00:51 UTC 2026][INFO] [Action] E RevertApplyAutoChapterAction - (r,3222,3222)
[Wed Jan 21 14:00:52 UTC 2026][INFO] [Action] E RevertApplyAutoChapterAction - (r,3510,3510)
[Wed Jan 21 14:00:52 UTC 2026][INFO] [Action] E RevertApplyAutoChapterAction - (r,3729,3729)
[Wed Jan 21 14:00:53 UTC 2026][INFO] [Action] E RevertApplyAutoChapterAction - (r,4396,4396)
[Wed Jan 21 14:00:53 UTC 2026][INFO] [Action] E RevertApplyAutoChapterAction - (r,4638,4638)
[Wed Jan 21 14:00:54 UTC 2026][INFO] [Action] E RevertApplyAutoChapterAction - (r,4941,4941)
[Wed Jan 21 14:00:54 UTC 2026][INFO] [Action] E RevertApplyAutoChapterAction - (r,5938,5938)
[Wed Jan 21 14:00:55 UTC 2026][INFO] [Action] E RevertApplyAutoChapterAction - (r,6870,6870)
[Wed Jan 21 14:00:56 UTC 2026][INFO] [Action] E RevertApplyAutoChapterAction - (r,7806,7806)
[Wed Jan 21 14:00:59 UTC 2026][INFO] [Action] E RevertApplyAutoChapterAction - (r,8335,8335)
[Wed Jan 21 14:00:59 UTC 2026][INFO] [Action] E RevertApplyAutoChapterAction - (r,9831,9831)
[Wed Jan 21 14:01:10 UTC 2026][INFO] [Action] E RevertApplyAutoChapterAction - (r,657074,657074)
[Wed Jan 21 14:01:10 UTC 2026][INFO] [Action] E RevertApplyAutoChapterAction - (r,656691,656691)
[Wed Jan 21 14:01:11 UTC 2026][INFO] [Action] E RevertApplyAutoChapterAction - (r,656326,656326)
[Wed Jan 21 14:01:11 UTC 2026][INFO] [Action] E ApplySemantics - (r,656325,656325),chapter_title
[Wed Jan 21 14:01:12 UTC 2026][INFO] [Action] E RevertApplyAutoChapterAction - (r,655979,655979)
[Wed Jan 21 14:01:12 UTC 2026][INFO] [Action] E RevertApplyAutoChapterAction - (r,656325,656325)
[Wed Jan 21 14:01:13 UTC 2026][INFO] [Action] E RevertApplyAutoChapterAction - (r,655961,655961)
[Wed Jan 21 14:01:14 UTC 2026][INFO] [Action] E RevertApplyAutoChapterAction - (r,655505,655505)
[Wed Jan 21 14:01:14 UTC 2026][INFO] [Action] E RevertApplyAutoChapterAction - (r,655178,655178)
[Wed Jan 21 14:01:15 UTC 2026][INFO] [Action] E RevertApplyAutoChapterAction - (r,654791,654791)
[Wed Jan 21 14:01:15 UTC 2026][INFO] [Action] E RevertApplyAutoChapterAction - (r,654769,654769)
[Wed Jan 21 14:01:16 UTC 2026][INFO] [Action] E RevertApplyAutoChapterAction - (r,653991,653991)
[Wed Jan 21 14:01:17 UTC 2026][INFO] [Action] E RevertApplyAutoChapterAction - (r,653315,653315)
[Wed Jan 21 14:01:17 UTC 2026][INFO] [Action] E RevertApplyAutoChapterAction - (r,652530,652530)
[Wed Jan 21 14:01:18 UTC 2026][INFO] [Action] E RevertApplyAutoChapterAction - (r,651845,651845)
[Wed Jan 21 14:01:19 UTC 2026][INFO] [Action] E RevertApplyAutoChapterAction - (r,651229,651229)
[Wed Jan 21 14:01:20 UTC 2026][INFO] [Action] E RevertApplyAutoChapterAction - (r,650589,650589)
[Wed Jan 21 14:01:21 UTC 2026][INFO] [Action] E RevertApplyAutoChapterAction - (r,649368,649368)
[Wed Jan 21 14:01:22 UTC 2026][INFO] [Action] E RevertApplyAutoChapterAction - (r,648937,648937)
[Wed Jan 21 14:01:31 UTC 2026][INFO] [Action] E RevertApplyAutoChapterAction - (r,648617,648617)
[Wed Jan 21 14:01:47 UTC 2026][INFO] [Action] E ItemChanged - -1,1
[Wed Jan 21 14:01:49 UTC 2026][INFO] [Action] E ItemChanged - -1,47
[Wed Jan 21 14:01:51 UTC 2026][INFO] [Action] E ItemChanged - -1,47
[Wed Jan 21 14:01:58 UTC 2026][INFO] [Action] E ConvertGenericPageAction - 5,1
[Wed Jan 21 14:01:59 UTC 2026][INFO] [Action] E ItemChanged - -1,10311
[Wed Jan 21 14:02:00 UTC 2026][INFO] [Action] E ItemChanged - -1,10311
[Wed Jan 21 14:02:01 UTC 2026][INFO] [Action] E ItemChanged - -1,10311
[Wed Jan 21 14:02:04 UTC 2026][INFO] [Action] E ConvertGenericPageAction - 7,1
[Wed Jan 21 14:02:06 UTC 2026][INFO] [Action] E ItemChanged - -1,10311
[Wed Jan 21 14:02:08 UTC 2026][INFO] [Action] E ItemChanged - -1,1
[Wed Jan 21 14:02:11 UTC 2026][INFO] [Action] E ItemChanged - -1,10311
[Wed Jan 21 14:02:20 UTC 2026][INFO] [Action] E ItemChanged - -1,10311
[Wed Jan 21 14:02:21 UTC 2026][INFO] [Action] E ItemChanged - -1,10311
[Wed Jan 21 14:02:25 UTC 2026][INFO] [Action] E ConvertGenericPageAction - 6,1
[Wed Jan 21 14:02:26 UTC 2026][INFO] [Action] E ItemChanged - -1,1
[Wed Jan 21 14:02:28 UTC 2026][INFO] [Action] E ConvertGenericPageAction - 6,0
[Wed Jan 21 14:02:34 UTC 2026][INFO] [Action] E ItemChanged - -1,10357
[Wed Jan 21 14:02:38 UTC 2026][INFO] [Action] E ApplySemantics - (r,10373,10373),chapter_title
[Wed Jan 21 14:02:40 UTC 2026][INFO] [Action] E ItemChanged - -1,10357
[Wed Jan 21 14:02:41 UTC 2026][INFO] [Action] E ItemChanged - -1,10366
[Wed Jan 21 14:02:44 UTC 2026][INFO] [Action] E ItemChanged - -1,14555
[Wed Jan 21 14:02:45 UTC 2026][INFO] [Action] E ItemChanged - -1,18960
[Wed Jan 21 14:02:57 UTC 2026][INFO] [Action] E ApplySemantics - (r,18994,19446),block_quote
[Wed Jan 21 14:02:59 UTC 2026][INFO] [Action] E ApplySemantics - (r,18994,19446),block_quote
[Wed Jan 21 14:02:59 UTC 2026][INFO] [Action] EFail ApplySemantics - 4
[Wed Jan 21 14:03:02 UTC 2026][INFO] [Action] U ApplySemantics
[Wed Jan 21 14:03:15 UTC 2026][INFO] [Action] E ApplySemantics - (r,18994,19446),book_epigraph_attribution
[Wed Jan 21 14:03:18 UTC 2026][INFO] [Action] U ApplySemantics
[Wed Jan 21 14:03:24 UTC 2026][INFO] [Action] E UpdateStyle - (r,18994,19446),11:Bookerly,serif:4,(r,18994,19446),F
[Wed Jan 21 14:03:26 UTC 2026][INFO] [Action] E UpdateStyle - (r,18994,19446),11:SourceCodePro,monospace:4,(r,18994,19446),F
[Wed Jan 21 14:03:37 UTC 2026][INFO] [Action] E UpdateStyle - (r,18994,19446),16:10.000000:2,(r,18994,19446),F
[Wed Jan 21 14:03:41 UTC 2026][INFO] [Action] E UpdateStyle - (r,18994,19446),16:8.000000:2,(r,18994,19446),F
[Wed Jan 21 14:03:50 UTC 2026][INFO] [Action] E UpdateStyle - (r,18994,19446),16:10.000000:2,(r,18994,19446),F
[Wed Jan 21 14:04:03 UTC 2026][INFO] [Action] E UpdateStyle - (r,26124,26531),11:Bookerly,serif:4,(r,26124,26531),F
[Wed Jan 21 14:04:06 UTC 2026][INFO] [Action] E UpdateStyle - (r,26124,26531),11:SourceCodePro,monospace:4,(r,26124,26531),F
[Wed Jan 21 14:04:08 UTC 2026][INFO] [Action] E UpdateStyle - (r,26124,26531),16:10.000000:2,(r,26124,26531),F
[Wed Jan 21 14:04:20 UTC 2026][INFO] [Action] E UpdateStyle - (r,27645,27853),11:Bookerly,serif:4,(r,27645,27853),F
[Wed Jan 21 14:04:21 UTC 2026][INFO] [Action] E UpdateStyle - (r,27645,27853),11:SourceCodePro,monospace:4,(r,27645,27853),F
[Wed Jan 21 14:04:23 UTC 2026][INFO] [Action] E UpdateStyle - (r,27645,27853),16:10.000000:2,(r,27645,27853),F
[Wed Jan 21 14:04:34 UTC 2026][INFO] [Action] E UpdateStyle - (r,30793,30911),11:Bookerly,serif:4,(r,30793,30911),F
[Wed Jan 21 14:04:36 UTC 2026][INFO] [Action] E UpdateStyle - (r,30793,30911),11:SourceCodePro,monospace:4,(r,30793,30911),F
[Wed Jan 21 14:04:37 UTC 2026][INFO] [Action] E UpdateStyle - (r,30793,30911),16:10.000000:2,(r,30793,30911),F
[Wed Jan 21 14:04:45 UTC 2026][INFO] [Action] E UpdateStyle - (r,30913,31447),11:Bookerly,serif:4,(r,30913,31447),F
[Wed Jan 21 14:04:46 UTC 2026][INFO] [Action] E UpdateStyle - (r,30913,31447),11:SourceCodePro,monospace:4,(r,30913,31447),F
[Wed Jan 21 14:04:48 UTC 2026][INFO] [Action] E UpdateStyle - (r,30913,31447),16:10.000000:2,(r,30913,31447),F
[Wed Jan 21 14:05:05 UTC 2026][INFO] [Action] E UpdateStyle - (r,32651,32986),11:Bookerly,serif:4,(r,32651,32986),F
[Wed Jan 21 14:05:06 UTC 2026][INFO] [Action] E UpdateStyle - (r,32651,32986),11:SourceCodePro,monospace:4,(r,32651,32986),F
[Wed Jan 21 14:05:08 UTC 2026][INFO] [Action] E UpdateStyle - (r,32651,32986),16:10.000000:2,(r,32651,32986),F
[Wed Jan 21 14:05:30 UTC 2026][INFO] [Action] E UpdateStyle - (r,40686,40905),11:Bookerly,serif:4,(r,40686,40905),F
[Wed Jan 21 14:05:31 UTC 2026][INFO] [Action] E UpdateStyle - (r,40686,40905),11:SourceCodePro,monospace:4,(r,40686,40905),F
[Wed Jan 21 14:05:33 UTC 2026][INFO] [Action] E UpdateStyle - (r,40686,40905),16:10.000000:2,(r,40686,40905),F
[Wed Jan 21 14:05:39 UTC 2026][INFO] [Action] E UpdateStyle - (r,41392,41547),16:10.000000:2,(r,41392,41547),F
[Wed Jan 21 14:05:39 UTC 2026][INFO] [Action] E UpdateStyle - (r,41392,41547),11:Bookerly,serif:4,(r,41392,41547),F
[Wed Jan 21 14:05:41 UTC 2026][INFO] [Action] E UpdateStyle - (r,41392,41547),11:SourceCodePro,monospace:4,(r,41392,41547),F
[Wed Jan 21 14:05:47 UTC 2026][INFO] [Action] E UpdateStyle - (r,41549,41641),16:10.000000:2,(r,41549,41641),F
[Wed Jan 21 14:05:47 UTC 2026][INFO] [Action] E UpdateStyle - (r,41549,41641),11:Bookerly,serif:4,(r,41549,41641),F
[Wed Jan 21 14:05:48 UTC 2026][INFO] [Action] E UpdateStyle - (r,41549,41641),11:SourceCodePro,monospace:4,(r,41549,41641),F
[Wed Jan 21 14:05:53 UTC 2026][INFO] [Action] E UpdateStyle - (r,42118,42309),16:10.000000:2,(r,42118,42309),F
[Wed Jan 21 14:05:54 UTC 2026][INFO] [Action] E UpdateStyle - (r,42118,42309),11:Bookerly,serif:4,(r,42118,42309),F
[Wed Jan 21 14:05:55 UTC 2026][INFO] [Action] E UpdateStyle - (r,42118,42309),11:SourceCodePro,monospace:4,(r,42118,42309),F
[Wed Jan 21 14:06:08 UTC 2026][INFO] [Action] E UpdateStyle - (r,42910,43126),16:10.000000:2,(r,42910,43126),F
[Wed Jan 21 14:06:09 UTC 2026][INFO] [Action] E UpdateStyle - (r,42910,43126),11:Bookerly,serif:4,(r,42910,43126),F
[Wed Jan 21 14:06:10 UTC 2026][INFO] [Action] E UpdateStyle - (r,42910,43126),11:SourceCodePro,monospace:4,(r,42910,43126),F
[Wed Jan 21 14:06:18 UTC 2026][INFO] [Action] E UpdateStyle - (r,43629,43826),16:10.000000:2,(r,43629,43826),F
[Wed Jan 21 14:06:18 UTC 2026][INFO] [Action] E UpdateStyle - (r,43629,43826),11:Bookerly,serif:4,(r,43629,43826),F
[Wed Jan 21 14:06:19 UTC 2026][INFO] [Action] E UpdateStyle - (r,43629,43826),11:SourceCodePro,monospace:4,(r,43629,43826),F
[Wed Jan 21 14:06:35 UTC 2026][INFO] [Action] E UpdateStyle - (r,44170,44368),16:10.000000:2,(r,44170,44368),F
[Wed Jan 21 14:06:36 UTC 2026][INFO] [Action] E UpdateStyle - (r,44170,44368),11:Bookerly,serif:4,(r,44170,44368),F
[Wed Jan 21 14:06:37 UTC 2026][INFO] [Action] E UpdateStyle - (r,44170,44368),11:SourceCodePro,monospace:4,(r,44170,44368),F
[Wed Jan 21 14:06:49 UTC 2026][INFO] [Action] E UpdateStyle - (r,44719,44841),16:10.000000:2,(r,44719,44841),F
[Wed Jan 21 14:06:50 UTC 2026][INFO] [Action] E UpdateStyle - (r,44719,44841),11:Bookerly,serif:4,(r,44719,44841),F
[Wed Jan 21 14:06:51 UTC 2026][INFO] [Action] E UpdateStyle - (r,44719,44841),11:SourceCodePro,monospace:4,(r,44719,44841),F
[Wed Jan 21 14:07:02 UTC 2026][INFO] [Action] E UpdateStyle - (r,45820,46182),16:10.000000:2,(r,45820,46182),F
[Wed Jan 21 14:07:03 UTC 2026][INFO] [Action] E UpdateStyle - (r,45820,46182),11:Bookerly,serif:4,(r,45820,46182),F
[Wed Jan 21 14:07:04 UTC 2026][INFO] [Action] E UpdateStyle - (r,45820,46182),11:SourceCodePro,monospace:4,(r,45820,46182),F
[Wed Jan 21 14:07:21 UTC 2026][INFO] [Action] E UpdateStyle - (r,48026,48319),16:10.000000:2,(r,48026,48319),F
[Wed Jan 21 14:07:21 UTC 2026][INFO] [Action] E UpdateStyle - (r,48026,48319),11:Bookerly,serif:4,(r,48026,48319),F
[Wed Jan 21 14:07:22 UTC 2026][INFO] [Action] E UpdateStyle - (r,48026,48319),11:SourceCodePro,monospace:4,(r,48026,48319),F
[Wed Jan 21 14:07:38 UTC 2026][INFO] [Action] E UpdateStyle - (r,48711,49408),16:10.000000:2,(r,48711,49408),F
[Wed Jan 21 14:07:38 UTC 2026][INFO] [Action] E UpdateStyle - (r,48711,49408),11:Bookerly,serif:4,(r,48711,49408),F
[Wed Jan 21 14:07:40 UTC 2026][INFO] [Action] E UpdateStyle - (r,48711,49408),11:SourceCodePro,monospace:4,(r,48711,49408),F
[Wed Jan 21 14:07:59 UTC 2026][INFO] [Action] E UpdateStyle - (r,50254,50473),16:10.000000:2,(r,50254,50473),F
[Wed Jan 21 14:07:59 UTC 2026][INFO] [Action] E UpdateStyle - (r,50254,50473),11:Bookerly,serif:4,(r,50254,50473),F
[Wed Jan 21 14:08:00 UTC 2026][INFO] [Action] E UpdateStyle - (r,50254,50473),11:SourceCodePro,monospace:4,(r,50254,50473),F
[Wed Jan 21 14:08:28 UTC 2026][INFO] [Action] E UpdateStyle - (r,58409,58562),16:10.000000:2,(r,58409,58562),F
[Wed Jan 21 14:08:28 UTC 2026][INFO] [Action] E UpdateStyle - (r,58409,58562),11:Bookerly,serif:4,(r,58409,58562),F
[Wed Jan 21 14:08:30 UTC 2026][INFO] [Action] E UpdateStyle - (r,58409,58562),11:SourceCodePro,monospace:4,(r,58409,58562),F
[Wed Jan 21 14:08:33 UTC 2026][INFO] [Action] U UpdateStyle
[Wed Jan 21 14:08:36 UTC 2026][INFO] [Action] U UpdateStyle
[Wed Jan 21 14:08:37 UTC 2026][INFO] [Action] U UpdateStyle
[Wed Jan 21 14:08:46 UTC 2026][INFO] [Action] E UpdateStyle - (r,58409,58537),16:10.000000:2,(r,58409,58537),F
[Wed Jan 21 14:08:46 UTC 2026][INFO] [Action] E UpdateStyle - (r,58409,58537),11:Bookerly,serif:4,(r,58409,58537),F
[Wed Jan 21 14:08:48 UTC 2026][INFO] [Action] E UpdateStyle - (r,58409,58537),11:SourceCodePro,monospace:4,(r,58409,58537),F
[Wed Jan 21 14:08:54 UTC 2026][INFO] [Action] E DeleteContent - (r,58590,58600),F
[Wed Jan 21 14:08:55 UTC 2026][INFO] [Action] E DeleteContent - (r,58590,58590),F
[Wed Jan 21 14:09:49 UTC 2026][INFO] [Action] E UpdateStyle - (r,66356,66499),16:10.000000:2,(r,66356,66499),F
[Wed Jan 21 14:09:50 UTC 2026][INFO] [Action] E UpdateStyle - (r,66356,66499),11:Bookerly,serif:4,(r,66356,66499),F
[Wed Jan 21 14:09:51 UTC 2026][INFO] [Action] E UpdateStyle - (r,66356,66499),11:SourceCodePro,monospace:4,(r,66356,66499),F
[Wed Jan 21 14:10:03 UTC 2026][INFO] [Action] E UpdateStyle - (r,67428,67556),16:10.000000:2,(r,67428,67556),F
[Wed Jan 21 14:10:03 UTC 2026][INFO] [Action] E UpdateStyle - (r,67428,67556),11:Bookerly,serif:4,(r,67428,67556),F
[Wed Jan 21 14:10:05 UTC 2026][INFO] [Action] E UpdateStyle - (r,67428,67556),11:SourceCodePro,monospace:4,(r,67428,67556),F
[Wed Jan 21 14:10:11 UTC 2026][INFO] [Action] E UpdateStyle - (r,67827,67942),11:Bookerly,serif:4,(r,67827,67942),F
[Wed Jan 21 14:10:12 UTC 2026][INFO] [Action] E UpdateStyle - (r,67827,67942),11:SourceCodePro,monospace:4,(r,67827,67942),F
[Wed Jan 21 14:10:14 UTC 2026][INFO] [Action] E UpdateStyle - (r,67827,67942),16:10.000000:2,(r,67827,67942),F
[Wed Jan 21 14:10:25 UTC 2026][INFO] [Action] E UpdateStyle - (r,68174,68277),16:10.000000:2,(r,68174,68277),F
[Wed Jan 21 14:10:26 UTC 2026][INFO] [Action] E UpdateStyle - (r,68174,68277),11:Bookerly,serif:4,(r,68174,68277),F
[Wed Jan 21 14:10:27 UTC 2026][INFO] [Action] E UpdateStyle - (r,68174,68277),11:SourceCodePro,monospace:4,(r,68174,68277),F
[Wed Jan 21 14:11:15 UTC 2026][INFO] [Action] E ItemChanged - -1,31473
[Wed Jan 21 14:11:19 UTC 2026][INFO] [Action] E DeleteContent - (r,31484,31484),F
[Wed Jan 21 14:11:19 UTC 2026][INFO] [Action] E DeleteContent - (c,31483,2),B
[Wed Jan 21 14:11:20 UTC 2026][INFO] [Action] E SplitContainer - 31483
[Wed Jan 21 14:11:26 UTC 2026][INFO] [Action] E ApplySemantics - (r,31483,31483),chapter_subtitle
[Wed Jan 21 14:11:31 UTC 2026][INFO] [Action] U ApplySemantics
[Wed Jan 21 14:11:32 UTC 2026][INFO] [Action] U SplitContainer
[Wed Jan 21 14:11:33 UTC 2026][INFO] [Action] U DeleteContent
[Wed Jan 21 14:11:33 UTC 2026][INFO] [Action] U DeleteContent
[Wed Jan 21 14:11:34 UTC 2026][INFO] [Action] U UpdateStyle
[Wed Jan 21 14:11:36 UTC 2026][INFO] [Action] R UpdateStyle
[Wed Jan 21 14:12:07 UTC 2026][INFO] [Action] E UpdateStyle - (r,93855,93955),34:59:3,(r,93855,93955),F
[Wed Jan 21 14:12:41 UTC 2026][INFO] [Action] E DeleteContent - (c,99081,2),B
[Wed Jan 21 14:12:41 UTC 2026][INFO] [Action] E InsertTextContent - (c,99081,1),[t]
[Wed Jan 21 14:12:41 UTC 2026][INFO] [Action] E InsertTextContent - (c,99081,2),[h]
[Wed Jan 21 14:12:42 UTC 2026][INFO] [Action] E InsertTextContent - (c,99082,2),[i]
[Wed Jan 21 14:12:42 UTC 2026][INFO] [Action] E InsertTextContent - (c,99083,2),[r]
[Wed Jan 21 14:12:42 UTC 2026][INFO] [Action] E InsertTextContent - (c,99084,2),[d]
[Wed Jan 21 14:12:44 UTC 2026][INFO] [Action] E DeleteContent - (r,99086,99086),F
[Wed Jan 21 14:12:44 UTC 2026][INFO] [Action] E DeleteContent - (r,99086,99086),F
[Wed Jan 21 14:12:59 UTC 2026][INFO] [Action] E SaveBook - Save
[Wed Jan 21 14:17:33 UTC 2026][INFO] [Action] E ItemChanged - -1,299169
[Wed Jan 21 14:17:38 UTC 2026][INFO] [Action] E InsertTextContent - (r,299178,299180),[4]
[Wed Jan 21 14:17:41 UTC 2026][INFO] [Action] E ItemChanged - -1,303939
[Wed Jan 21 14:17:50 UTC 2026][INFO] [Action] EE ClearFormatting - (c,303962,1)
[Wed Jan 21 14:18:08 UTC 2026][INFO] [Action] EE ClearFormatting - (c,308550,1)
[Wed Jan 21 14:18:14 UTC 2026][INFO] [Action] EE ClearFormatting - (c,310324,1)
[Wed Jan 21 14:18:27 UTC 2026][INFO] [Action] E InsertTextContent - (r,315522,315524),[5]
[Wed Jan 21 14:18:29 UTC 2026][INFO] [Action] E SaveBook - Save
[Wed Jan 21 14:19:38 UTC 2026][INFO] [Action] E DeleteContent - (c,371581,2),B
[Wed Jan 21 14:19:45 UTC 2026][INFO] [Action] E DeleteContent - (r,371556,371580),F
[Wed Jan 21 14:19:46 UTC 2026][INFO] [Action] E DeleteContent - (c,371555,2),B
[Wed Jan 21 14:20:05 UTC 2026][INFO] [Action] E DeleteContent - (r,376595,376624),F
[Wed Jan 21 14:21:15 UTC 2026][INFO] [Action] E DeleteContent - (r,456558,456569),F
[Wed Jan 21 14:22:00 UTC 2026][INFO] [Action] E DeleteContent - (c,499183,2),B
[Wed Jan 21 14:22:01 UTC 2026][INFO] [Action] E DeleteContent - (r,499183,499183),F
[Wed Jan 21 14:22:03 UTC 2026][INFO] [Action] E InsertTextContent - (c,499182,2),[SPACE]
[Wed Jan 21 14:22:03 UTC 2026][INFO] [Action] E InsertTextContent - (c,499183,2),[0]
[Wed Jan 21 14:22:05 UTC 2026][INFO] [Action] E DeleteContent - (c,499186,2),B
[Wed Jan 21 14:22:05 UTC 2026][INFO] [Action] E InsertTextContent - (c,499186,1),[SPACE]
[Wed Jan 21 14:23:20 UTC 2026][INFO] [Action] E ItemChanged - -1,625046
[Wed Jan 21 14:23:23 UTC 2026][INFO] [Action] E ConvertGenericPageAction - 10,74
[Wed Jan 21 14:23:26 UTC 2026][INFO] [Action] E ItemChanged - -1,628789
[Wed Jan 21 14:23:31 UTC 2026][INFO] [Action] E ItemChanged - -1,625046
[Wed Jan 21 14:23:33 UTC 2026][INFO] [Action] E ConvertGenericPageAction - 11,74
[Wed Jan 21 14:23:40 UTC 2026][INFO] [Action] E ItemChanged - -1,625046
[Wed Jan 21 14:23:47 UTC 2026][INFO] [Action] E ItemChanged - -1,625046
[Wed Jan 21 14:23:50 UTC 2026][INFO] [Action] E ConvertGenericPageAction - 11,74
[Wed Jan 21 14:23:51 UTC 2026][INFO] [Action] E ItemChanged - -1,654613
[Wed Jan 21 14:23:53 UTC 2026][INFO] [Action] EE ClearFormatting - (c,654613,1)
[Wed Jan 21 14:23:54 UTC 2026][INFO] [Action] E ItemChanged - -1,654390
[Wed Jan 21 14:23:56 UTC 2026][INFO] [Action] E ItemChanged - -1,654613
[Wed Jan 21 14:24:07 UTC 2026][INFO] [Action] E ItemChanged - -1,654613
[Wed Jan 21 14:24:12 UTC 2026][INFO] [Action] E Cut - (r,654613,656036)
[Wed Jan 21 14:24:15 UTC 2026][INFO] [Action] E ItemChanged - -1,654390
[Wed Jan 21 14:24:18 UTC 2026][INFO] [Action] E AddTextContainer - (c,654611,2),0,0,0
[Wed Jan 21 14:24:22 UTC 2026][INFO] [Action] E InsertSeparator - (c,654612,1)
[Wed Jan 21 14:24:23 UTC 2026][INFO] [Action] E DeleteContent - (r,654612,654612),F
[Wed Jan 21 14:24:23 UTC 2026][INFO] [Action] EFail DeleteContent - 4
[Wed Jan 21 14:24:24 UTC 2026][INFO] [Action] E DeleteContent - (r,654612,654612),F
[Wed Jan 21 14:24:24 UTC 2026][INFO] [Action] EFail DeleteContent - 4
[Wed Jan 21 14:24:26 UTC 2026][INFO] [Action] U InsertSeparator
[Wed Jan 21 14:24:28 UTC 2026][INFO] [Action] E Paste - (c,654612,1),1461
[Wed Jan 21 14:24:37 UTC 2026][INFO] [Action] E ApplySemantics - (r,654621,654621),subheading
[Wed Jan 21 14:24:42 UTC 2026][INFO] [Action] E ItemChanged - -1,625046
[Wed Jan 21 14:24:47 UTC 2026][INFO] [Action] E ItemChanged - -1,656037
[Wed Jan 21 14:25:01 UTC 2026][INFO] [Action] E Cut - (r,656037,656632)
[Wed Jan 21 14:25:03 UTC 2026][INFO] [Action] E ItemChanged - -1,654390
[Wed Jan 21 14:25:06 UTC 2026][INFO] [Action] E AddTextContainer - (c,656035,2),0,0,0
[Wed Jan 21 14:25:07 UTC 2026][INFO] [Action] E Paste - (c,656036,1),604
[Wed Jan 21 14:25:17 UTC 2026][INFO] [Action] E ItemChanged - -1,625046
[Wed Jan 21 14:25:21 UTC 2026][INFO] [Action] E ItemChanged - -1,625046
[Wed Jan 21 14:25:24 UTC 2026][INFO] [Action] E ConvertGenericPageAction - 11,74
[Wed Jan 21 14:25:28 UTC 2026][INFO] [Action] E ItemChanged - -1,657477
[Wed Jan 21 14:25:32 UTC 2026][INFO] [Action] E ApplySemantics - (r,657496,657496),subheading
[Wed Jan 21 14:25:37 UTC 2026][INFO] [Action] E Cut - (r,657477,658131)
[Wed Jan 21 14:25:39 UTC 2026][INFO] [Action] E ItemChanged - -1,655977
[Wed Jan 21 14:25:42 UTC 2026][INFO] [Action] E AddTextContainer - (c,657362,2),0,0,0
[Wed Jan 21 14:25:44 UTC 2026][INFO] [Action] E MergeContainer - 657363,1
[Wed Jan 21 14:25:46 UTC 2026][INFO] [Action] E AddTextContainer - (c,657475,2),0,0,0
[Wed Jan 21 14:25:48 UTC 2026][INFO] [Action] E Paste - (c,657476,1),681
[Wed Jan 21 14:25:54 UTC 2026][INFO] [Action] E Cut - (r,655977,657362)
[Wed Jan 21 14:25:56 UTC 2026][INFO] [Action] E ItemChanged - -1,653734
[Wed Jan 21 14:26:00 UTC 2026][INFO] [Action] E ItemChanged - -1,653734
[Wed Jan 21 14:26:21 UTC 2026][INFO] [Action] E Cut - (r,655977,656744)
[Wed Jan 21 14:26:23 UTC 2026][INFO] [Action] E ItemChanged - -1,653734
[Wed Jan 21 14:26:26 UTC 2026][INFO] [Action] E AddTextContainer - (c,655975,2),0,0,0
[Wed Jan 21 14:26:26 UTC 2026][INFO] [Action] E Paste - (c,655976,1),802
[Wed Jan 21 14:26:39 UTC 2026][INFO] [Action] E ItemChanged - -1,625046
[Wed Jan 21 14:26:41 UTC 2026][INFO] [Action] E ItemChanged - -1,625046
[Wed Jan 21 14:26:49 UTC 2026][INFO] [Action] E ConvertGenericPageAction - 11,74
[Wed Jan 21 14:26:51 UTC 2026][INFO] [Action] E ItemChanged - -1,625046
[Wed Jan 21 14:26:53 UTC 2026][INFO] [Action] E ConvertGenericPageAction - 11,74
[Wed Jan 21 14:26:57 UTC 2026][INFO] [Action] E ItemChanged - -1,625046
[Wed Jan 21 14:27:02 UTC 2026][INFO] [Action] E ItemChanged - -1,625046
[Wed Jan 21 14:27:09 UTC 2026][INFO] [Action] E ItemChanged - -1,625046
[Wed Jan 21 14:27:09 UTC 2026][INFO] [Action] E ItemChanged - -1,625046
[Wed Jan 21 14:27:11 UTC 2026][INFO] [Action] E ItemChanged - -1,625046
[Wed Jan 21 14:27:14 UTC 2026][INFO] [Action] E ItemChanged - -1,625046
[Wed Jan 21 14:27:21 UTC 2026][INFO] [Action] E ConvertGenericPageAction - 18,74
[Wed Jan 21 14:27:27 UTC 2026][INFO] [Action] E ItemChanged - -1,303939
[Wed Jan 21 14:27:38 UTC 2026][INFO] [Action] E Cut - (r,303939,305347)
[Wed Jan 21 14:27:41 UTC 2026][INFO] [Action] E ItemChanged - -1,299169
[Wed Jan 21 14:27:43 UTC 2026][INFO] [Action] E ItemChanged - -1,303939
[Wed Jan 21 14:27:46 UTC 2026][INFO] [Action] E AddTextContainer - (c,303937,2),0,0,0
[Wed Jan 21 14:27:47 UTC 2026][INFO] [Action] E Paste - (c,303938,1),1458
[Wed Jan 21 14:27:49 UTC 2026][INFO] [Action] E ItemChanged - -1,305348
[Wed Jan 21 14:28:04 UTC 2026][INFO] [Action] E Cut - (r,305348,306739)
[Wed Jan 21 14:28:08 UTC 2026][INFO] [Action] E ItemChanged - -1,299169
[Wed Jan 21 14:28:12 UTC 2026][INFO] [Action] E ItemChanged - -1,305348
[Wed Jan 21 14:28:14 UTC 2026][INFO] [Action] E AddTextContainer - (c,305346,2),0,0,0
[Wed Jan 21 14:28:14 UTC 2026][INFO] [Action] E Paste - (c,305347,1),1439
[Wed Jan 21 14:28:24 UTC 2026][INFO] [Action] E ItemChanged - -1,306740
[Wed Jan 21 14:28:30 UTC 2026][INFO] [Action] E Cut - (r,306740,308073)
[Wed Jan 21 14:28:35 UTC 2026][INFO] [Action] E InsertTextContent - (c,306738,2),[SPACE]
[Wed Jan 21 14:28:36 UTC 2026][INFO] [Action] E Paste - (c,306739,2),1373
[Wed Jan 21 14:28:47 UTC 2026][INFO] [Action] E ItemChanged - -1,308075
[Wed Jan 21 14:28:50 UTC 2026][INFO] [Action] E Cut - (r,308075,308549)
[Wed Jan 21 14:28:54 UTC 2026][INFO] [Action] E Paste - (c,308073,2),505
[Wed Jan 21 14:29:06 UTC 2026][INFO] [Action] E Cut - (r,308550,309703)
[Wed Jan 21 14:29:08 UTC 2026][INFO] [Action] E AddTextContainer - (c,308548,2),0,0,0
[Wed Jan 21 14:29:08 UTC 2026][INFO] [Action] E Paste - (c,308549,1),1204
[Wed Jan 21 14:29:18 UTC 2026][INFO] [Action] E Cut - (r,309704,310322)
[Wed Jan 21 14:29:21 UTC 2026][INFO] [Action] E InsertTextContent - (c,309702,2),[SPACE]
[Wed Jan 21 14:29:21 UTC 2026][INFO] [Action] E Paste - (c,309703,2),655
[Wed Jan 21 14:29:37 UTC 2026][INFO] [Action] E Cut - (r,310324,311565)
[Wed Jan 21 14:29:39 UTC 2026][INFO] [Action] E AddTextContainer - (c,310322,2),0,0,0
[Wed Jan 21 14:29:41 UTC 2026][INFO] [Action] E Paste - (c,310323,1),1291
[Wed Jan 21 14:29:56 UTC 2026][INFO] [Action] E Cut - (r,311566,312883)
[Wed Jan 21 14:29:58 UTC 2026][INFO] [Action] E InsertTextContent - (c,311564,2),[SPACE]
[Wed Jan 21 14:29:59 UTC 2026][INFO] [Action] E Paste - (c,311565,2),1420
[Wed Jan 21 14:30:18 UTC 2026][INFO] [Action] E Cut - (r,312885,314069)
[Wed Jan 21 14:30:20 UTC 2026][INFO] [Action] E AddTextContainer - (c,312883,2),0,0,0
[Wed Jan 21 14:30:21 UTC 2026][INFO] [Action] E Paste - (c,312884,1),1242
[Wed Jan 21 14:30:27 UTC 2026][INFO] [Action] E Cut - (r,313848,314068)
[Wed Jan 21 14:30:33 UTC 2026][INFO] [Action] E InsertTextContent - (c,313847,2),[SPACE]
[Wed Jan 21 14:30:35 UTC 2026][INFO] [Action] E DeleteContent - (c,313848,2),B
[Wed Jan 21 14:30:35 UTC 2026][INFO] [Action] E AddTextContainer - (c,313847,2),0,0,0
[Wed Jan 21 14:30:36 UTC 2026][INFO] [Action] E Paste - (c,313848,1),237
[Wed Jan 21 14:30:39 UTC 2026][INFO] [Action] E ItemChanged - -1,314072
[Wed Jan 21 14:30:47 UTC 2026][INFO] [Action] E Cut - (r,314072,315352)
[Wed Jan 21 14:30:48 UTC 2026][INFO] [Action] E ItemChanged - -1,299169
[Wed Jan 21 14:30:49 UTC 2026][INFO] [Action] E ItemChanged - -1,314072
[Wed Jan 21 14:30:52 UTC 2026][INFO] [Action] E Paste - (c,314070,2),1312
[Wed Jan 21 14:31:06 UTC 2026][INFO] [Action] E Cut - (r,315352,315513)
[Wed Jan 21 14:31:09 UTC 2026][INFO] [Action] E AddTextContainer - (c,315350,2),0,0,0
[Wed Jan 21 14:31:09 UTC 2026][INFO] [Action] E Paste - (c,315351,1),167
[Wed Jan 21 14:31:37 UTC 2026][INFO] [Action] E SaveBook - Save
[Wed Jan 21 14:31:42 UTC 2026][INFO] [Action] E ItemChanged - -1,332053
[Wed Jan 21 14:31:43 UTC 2026][INFO] [Action] E ItemChanged - -1,332072
[Wed Jan 21 14:31:47 UTC 2026][INFO] [Action] E SaveBook - SaveforExport
[Wed Jan 21 14:37:09 UTC 2026][INFO] [Action] EE ExportAction
[Wed Jan 21 14:37:10 UTC 2026][INFO] [Action] E SaveBook - Save
[Wed Jan 21 14:37:23 UTC 2026][INFO] [Action] E SaveBook - Save
[Wed Jan 21 14:37:23 UTC 2026][INFO] Logger Terminated
[Thu Jan 22 17:04:35 UTC 2026][INFO] [Action] EE OpenBook - The_Resonant_EN_KC2.kcb
[Fri Jan 23 13:58:29 UTC 2026][INFO] Logger Terminated
[Sat Jan 24 15:20:37 UTC 2026][INFO] [Action] EE OpenBook - The_Resonant_EN_KC2.kcb
[Sat Jan 24 15:20:40 UTC 2026][INFO] [Action] E ItemChanged - -1,79749
[Sat Jan 24 15:20:53 UTC 2026][INFO] [Action] E DeleteContent - (r,80809,80867),F
[Sat Jan 24 15:21:03 UTC 2026][INFO] [Action] E InsertTextContent - (c,80586,2),[L]
[Sat Jan 24 15:21:03 UTC 2026][INFO] [Action] E InsertTextContent - (c,80587,2),[i]
[Sat Jan 24 15:21:03 UTC 2026][INFO] [Action] E InsertTextContent - (c,80588,2),[k]
[Sat Jan 24 15:21:03 UTC 2026][INFO] [Action] E InsertTextContent - (c,80589,2),[e]
[Sat Jan 24 15:21:03 UTC 2026][INFO] [Action] E InsertTextContent - (c,80590,2),[SPACE]
[Sat Jan 24 15:21:03 UTC 2026][INFO] [Action] E InsertTextContent - (c,80591,2),[a]
[Sat Jan 24 15:21:04 UTC 2026][INFO] [Action] E InsertTextContent - (c,80592,2),[l]
[Sat Jan 24 15:21:04 UTC 2026][INFO] [Action] E InsertTextContent - (c,80593,2),[w]
[Sat Jan 24 15:21:04 UTC 2026][INFO] [Action] E InsertTextContent - (c,80594,2),[a]
[Sat Jan 24 15:21:04 UTC 2026][INFO] [Action] E InsertTextContent - (c,80595,2),[y]
[Sat Jan 24 15:21:04 UTC 2026][INFO] [Action] E InsertTextContent - (c,80596,2),[s]
[Sat Jan 24 15:21:05 UTC 2026][INFO] [Action] E InsertTextContent - (c,80597,2),[,]
[Sat Jan 24 15:21:05 UTC 2026][INFO] [Action] E InsertTextContent - (c,80598,2),[SPACE]
[Sat Jan 24 15:21:05 UTC 2026][INFO] [Action] E InsertTextContent - (c,80599,2),[h]
[Sat Jan 24 15:21:06 UTC 2026][INFO] [Action] E DeleteContent - (r,80601,80601),F
[Sat Jan 24 15:21:08 UTC 2026][INFO] [Action] E SaveBook - Save
[Sat Jan 24 15:21:14 UTC 2026][INFO] [Action] E SaveBook - SaveforExport
[Sat Jan 24 15:23:36 UTC 2026][INFO] [Action] EE ExportAction
[Sat Jan 24 15:23:38 UTC 2026][INFO] [Action] E SaveBook - Save
[Sat Jan 24 15:23:39 UTC 2026][INFO] Logger Terminated
